
> truthor-dare-backend@1.0.0 dev
> nodemon src/server.js

[33m[nodemon] 3.1.11[39m
[33m[nodemon] to restart at any time, enter `rs`[39m
[33m[nodemon] watching path(s): *.*[39m
[33m[nodemon] watching extensions: js,mjs,cjs,json[39m
[32m[nodemon] starting `node src/server.js`[39m
[Debug] ç¯å¢ƒå˜é‡PORT: 3002
[Debug] å®é™…ä½¿ç”¨ç«¯å£: 3002
[Server] åç«¯æœåŠ¡å¯åŠ¨äºç«¯å£ 3002
[Cache] MISS - truth:æš§æ˜§:999 (hits: 0, misses: 1)
[Cache] SET - truth:æš§æ˜§:999 (total sets: 1)
[Cache] MISS - truth:æš§æ˜§:933 (hits: 0, misses: 2)
[Cache] SET - truth:æš§æ˜§:933 (total sets: 2)
[Cache] MISS - truth:æš§æ˜§:384 (hits: 0, misses: 3)
[Cache] SET - truth:æš§æ˜§:384 (total sets: 3)
[Cache] MISS - truth:æš§æ˜§:259 (hits: 0, misses: 4)
[Cache] SET - truth:æš§æ˜§:259 (total sets: 4)
[Cache] MISS - truth:æš§æ˜§:4157 (hits: 0, misses: 5)
[Cache] SET - truth:æš§æ˜§:4157 (total sets: 5)
[Cache] HIT - truth:æš§æ˜§:4157 (hits: 1, misses: 5)
[Cache] MISS - truth:æš§æ˜§:519 (hits: 1, misses: 6)
[Cache] SET - truth:æš§æ˜§:519 (total sets: 6)
[Cache] MISS - truth:æš§æ˜§:41 (hits: 1, misses: 7)
[Cache] SET - truth:æš§æ˜§:41 (total sets: 7)
[Cache] MISS - truth:æš§æ˜§:806 (hits: 1, misses: 8)
[Cache] SET - truth:æš§æ˜§:806 (total sets: 8)
[Cache] MISS - truth:æš§æ˜§:141 (hits: 1, misses: 9)
[Cache] SET - truth:æš§æ˜§:141 (total sets: 9)
[Cache] MISS - truth:æš§æ˜§:178 (hits: 1, misses: 10)
[Cache] SET - truth:æš§æ˜§:178 (total sets: 10)
[Cache] MISS - truth:æš§æ˜§:903 (hits: 1, misses: 11)
[Cache] SET - truth:æš§æ˜§:903 (total sets: 11)
[32m[nodemon] restarting due to changes...[39m
[32m[nodemon] starting `node src/server.js`[39m
[Debug] ç¯å¢ƒå˜é‡PORT: 3002
[Debug] å®é™…ä½¿ç”¨ç«¯å£: 3002
[Server] åç«¯æœåŠ¡å¯åŠ¨äºç«¯å£ 3002
[32m[nodemon] restarting due to changes...[39m
[32m[nodemon] starting `node src/server.js`[39m
[Debug] ç¯å¢ƒå˜é‡PORT: 3002
[Debug] å®é™…ä½¿ç”¨ç«¯å£: 3002
[Server] åç«¯æœåŠ¡å¯åŠ¨äºç«¯å£ 3002
[32m[nodemon] restarting due to changes...[39m
[32m[nodemon] starting `node src/server.js`[39m
[Debug] ç¯å¢ƒå˜é‡PORT: 3002
[Debug] å®é™…ä½¿ç”¨ç«¯å£: 3002
[Server] åç«¯æœåŠ¡å¯åŠ¨äºç«¯å£ 3002
